================================================================================
Now Frequency(Hz): 0.00146484, Period(s): 682.667
================================================================================
Number of initial candidates: 100
Number of candidates: 100
--------------------------------------------------------------------------------
Improve all candidates
Parameter b: 3.13035, Parameter c: 6.44795
--------------------------------------------------------------------------------
Perform further improvements to the best 10 candidates
--------------------------------------------------------------------------------
Best estimator of frequency 0.00146484(Hz)
Response functions:
(  3.9569e-01,  3.9389e-01), (  3.3069e-01,  3.9177e-01)
( -7.1518e-01, -8.4545e-01), ( -1.4941e-01, -1.2567e-01)
(  1.0087e+00,  1.3489e-02), ( -1.3804e-02, -7.2860e-03)
( -1.1190e-02, -4.0450e-03), (  8.8456e-01, -5.1569e-02)
Scale: 0.00779629
Variances without scale:  6.4118e+00,   6.8623e+00,   1.3349e-01,   1.7025e-01
--------------------------------------------------------------------------------
Estimate errors by fixed-weights bootstrap
--------------------------------------------------------------------------------
================================================================================
Now Frequency(Hz): 0.00195312, Period(s): 512
================================================================================
Number of initial candidates: 100
Number of candidates: 100
--------------------------------------------------------------------------------
Improve all candidates
Parameter b: 3.13035, Parameter c: 6.44795
--------------------------------------------------------------------------------
Perform further improvements to the best 10 candidates
--------------------------------------------------------------------------------
Best estimator of frequency 0.00195312(Hz)
Response functions:
(  4.6148e-01,  4.7540e-01), (  3.8500e-01,  4.4806e-01)
( -8.1239e-01, -1.0462e+00), ( -1.7165e-01, -1.4098e-01)
(  1.0153e+00,  1.6123e-02), ( -1.1715e-02, -9.3736e-03)
( -1.2431e-02, -8.4550e-03), (  8.7436e-01, -5.5751e-02)
Scale: 0.00740592
Variances without scale:  7.9276e+00,   6.1415e+00,   1.5308e-01,   1.3417e-01
--------------------------------------------------------------------------------
Estimate errors by fixed-weights bootstrap
--------------------------------------------------------------------------------
================================================================================
Now Frequency(Hz): 0.00292969, Period(s): 341.333
================================================================================
Number of initial candidates: 100
Number of candidates: 100
--------------------------------------------------------------------------------
Improve all candidates
Parameter b: 3.0742, Parameter c: 6.22496
--------------------------------------------------------------------------------
Perform further improvements to the best 10 candidates
--------------------------------------------------------------------------------
Best estimator of frequency 0.00292969(Hz)
Response functions:
(  5.1766e-01,  5.9769e-01), (  4.6179e-01,  5.8726e-01)
( -9.6450e-01, -1.3368e+00), ( -1.6879e-01, -1.6027e-01)
(  1.0030e+00,  1.8047e-02), ( -2.2744e-02, -1.6709e-02)
( -1.5843e-02, -1.4794e-02), (  8.5686e-01, -4.5854e-02)
Scale: 0.0106969
Variances without scale:  6.8371e+00,   6.8364e+00,   1.5803e-01,   1.3538e-01
--------------------------------------------------------------------------------
Estimate errors by fixed-weights bootstrap
--------------------------------------------------------------------------------
================================================================================
Now Frequency(Hz): 0.00390625, Period(s): 256
================================================================================
Number of initial candidates: 100
Number of candidates: 100
--------------------------------------------------------------------------------
Improve all candidates
Parameter b: 3.0742, Parameter c: 6.22496
--------------------------------------------------------------------------------
Perform further improvements to the best 10 candidates
--------------------------------------------------------------------------------
Best estimator of frequency 0.00390625(Hz)
Response functions:
(  6.4257e-01,  7.1004e-01), (  4.6776e-01,  7.0773e-01)
( -1.2083e+00, -1.5713e+00), ( -1.7854e-01, -2.0730e-01)
(  1.0094e+00,  2.5498e-02), ( -1.5546e-02, -1.7719e-02)
( -1.7424e-02, -1.7733e-02), (  8.4812e-01, -4.3172e-02)
Scale: 0.0103788
Variances without scale:  7.3358e+00,   6.9118e+00,   1.7249e-01,   1.1434e-01
--------------------------------------------------------------------------------
Estimate errors by fixed-weights bootstrap
--------------------------------------------------------------------------------
================================================================================
Now Frequency(Hz): 0.00585938, Period(s): 170.667
================================================================================
Number of initial candidates: 100
Number of candidates: 100
--------------------------------------------------------------------------------
Improve all candidates
Parameter b: 3.04576, Parameter c: 6.11911
--------------------------------------------------------------------------------
Perform further improvements to the best 10 candidates
--------------------------------------------------------------------------------
Best estimator of frequency 0.00585938(Hz)
Response functions:
(  8.5366e-01,  9.1112e-01), (  6.0252e-01,  8.8253e-01)
( -1.5752e+00, -1.9687e+00), ( -2.4427e-01, -2.2629e-01)
(  1.0156e+00,  2.6507e-02), ( -1.6413e-02, -1.3108e-02)
( -2.0324e-02, -2.8350e-02), (  8.2538e-01, -3.2310e-02)
Scale: 0.0154315
Variances without scale:  6.8362e+00,   6.3855e+00,   1.7047e-01,   1.3438e-01
--------------------------------------------------------------------------------
Estimate errors by fixed-weights bootstrap
--------------------------------------------------------------------------------
================================================================================
Now Frequency(Hz): 0.0078125, Period(s): 128
================================================================================
Number of initial candidates: 100
Number of candidates: 100
--------------------------------------------------------------------------------
Improve all candidates
Parameter b: 3.04576, Parameter c: 6.11911
--------------------------------------------------------------------------------
Perform further improvements to the best 10 candidates
--------------------------------------------------------------------------------
Best estimator of frequency 0.0078125(Hz)
Response functions:
(  9.9137e-01,  1.0576e+00), (  6.9855e-01,  1.0258e+00)
( -1.8206e+00, -2.3419e+00), ( -2.9205e-01, -2.2922e-01)
(  1.0197e+00,  3.1230e-02), ( -2.5278e-02, -1.3426e-02)
( -3.0148e-02, -3.4525e-02), (  8.1019e-01, -2.6554e-02)
Scale: 0.0149212
Variances without scale:  6.8860e+00,   6.3958e+00,   1.6680e-01,   1.3613e-01
--------------------------------------------------------------------------------
Estimate errors by fixed-weights bootstrap
--------------------------------------------------------------------------------
================================================================================
Now Frequency(Hz): 0.0117188, Period(s): 85.3333
================================================================================
Number of initial candidates: 100
Number of candidates: 100
--------------------------------------------------------------------------------
Improve all candidates
Parameter b: 3.03151, Parameter c: 6.06788
--------------------------------------------------------------------------------
Perform further improvements to the best 10 candidates
--------------------------------------------------------------------------------
Best estimator of frequency 0.0117188(Hz)
Response functions:
(  1.3845e+00,  1.2155e+00), (  9.0529e-01,  1.3112e+00)
( -2.3907e+00, -2.9687e+00), ( -3.4197e-01, -3.1102e-01)
(  1.0181e+00,  3.6797e-02), ( -3.6165e-02, -1.9219e-02)
( -3.9768e-02, -3.5487e-02), (  7.9671e-01, -1.8242e-02)
Scale: 0.0213696
Variances without scale:  6.7462e+00,   7.5291e+00,   1.5562e-01,   1.2651e-01
--------------------------------------------------------------------------------
Estimate errors by fixed-weights bootstrap
--------------------------------------------------------------------------------
================================================================================
Now Frequency(Hz): 0.015625, Period(s): 64
================================================================================
Number of initial candidates: 100
Number of candidates: 100
--------------------------------------------------------------------------------
Improve all candidates
Parameter b: 3.03151, Parameter c: 6.06788
--------------------------------------------------------------------------------
Perform further improvements to the best 10 candidates
--------------------------------------------------------------------------------
Best estimator of frequency 0.015625(Hz)
Response functions:
(  1.5518e+00,  1.3457e+00), (  1.0362e+00,  1.5392e+00)
( -2.8206e+00, -3.2959e+00), ( -4.3153e-01, -2.5722e-01)
(  9.9818e-01,  3.7880e-02), ( -4.1578e-02, -1.4070e-02)
( -3.4232e-02, -3.3445e-02), (  7.7439e-01, -5.4070e-03)
Scale: 0.0211279
Variances without scale:  6.9473e+00,   7.9307e+00,   1.5382e-01,   1.1799e-01
--------------------------------------------------------------------------------
Estimate errors by fixed-weights bootstrap
--------------------------------------------------------------------------------
================================================================================
Now Frequency(Hz): 0.0234375, Period(s): 42.6667
================================================================================
Number of initial candidates: 100
Number of candidates: 100
--------------------------------------------------------------------------------
Improve all candidates
Parameter b: 3.02439, Parameter c: 6.04266
--------------------------------------------------------------------------------
Perform further improvements to the best 10 candidates
--------------------------------------------------------------------------------
Best estimator of frequency 0.0234375(Hz)
Response functions:
(  1.7737e+00,  1.3700e+00), (  1.2052e+00,  1.7820e+00)
( -3.4433e+00, -3.7709e+00), ( -4.2228e-01, -4.4122e-01)
(  9.6245e-01,  3.2536e-02), ( -3.7294e-02, -2.0296e-02)
( -5.3009e-02, -3.8064e-02), (  7.0138e-01,  8.5663e-03)
Scale: 0.0302586
Variances without scale:  6.7390e+00,   8.6461e+00,   1.4003e-01,   1.2257e-01
--------------------------------------------------------------------------------
Estimate errors by fixed-weights bootstrap
--------------------------------------------------------------------------------
================================================================================
Now Frequency(Hz): 0.03125, Period(s): 32
================================================================================
Number of initial candidates: 100
Number of candidates: 100
--------------------------------------------------------------------------------
Improve all candidates
Parameter b: 3.02439, Parameter c: 6.04266
--------------------------------------------------------------------------------
Perform further improvements to the best 10 candidates
--------------------------------------------------------------------------------
Best estimator of frequency 0.03125(Hz)
Response functions:
(  2.1087e+00,  1.4103e+00), (  1.2590e+00,  2.0301e+00)
( -3.8491e+00, -4.0313e+00), ( -4.0739e-01, -3.9015e-01)
(  8.9657e-01,  4.5260e-02), ( -4.6071e-02, -2.0998e-02)
( -4.7101e-02, -3.7905e-02), (  6.3694e-01,  2.3120e-02)
Scale: 0.0300324
Variances without scale:  7.1776e+00,   8.4491e+00,   1.3974e-01,   1.1800e-01
--------------------------------------------------------------------------------
Estimate errors by fixed-weights bootstrap
--------------------------------------------------------------------------------
================================================================================
Now Frequency(Hz): 0.046875, Period(s): 21.3333
================================================================================
Number of initial candidates: 100
Number of candidates: 100
--------------------------------------------------------------------------------
Improve all candidates
Parameter b: 3.02083, Parameter c: 6.03006
--------------------------------------------------------------------------------
Perform further improvements to the best 10 candidates
--------------------------------------------------------------------------------
Best estimator of frequency 0.046875(Hz)
Response functions:
(  2.1481e+00,  1.1548e+00), (  1.2568e+00,  2.2897e+00)
( -3.9243e+00, -3.5846e+00), ( -4.8215e-01, -4.1144e-01)
(  7.2895e-01,  1.6725e-02), ( -1.3509e-02, -1.5539e-02)
( -7.8569e-02, -9.2614e-03), (  5.3958e-01,  2.4510e-02)
Scale: 0.0417868
Variances without scale:  7.3656e+00,   9.0990e+00,   1.3291e-01,   1.1226e-01
--------------------------------------------------------------------------------
Estimate errors by fixed-weights bootstrap
--------------------------------------------------------------------------------
================================================================================
Now Frequency(Hz): 0.0625, Period(s): 16
================================================================================
Number of initial candidates: 100
Number of candidates: 100
--------------------------------------------------------------------------------
Improve all candidates
Parameter b: 3.02083, Parameter c: 6.03006
--------------------------------------------------------------------------------
Perform further improvements to the best 10 candidates
--------------------------------------------------------------------------------
Best estimator of frequency 0.0625(Hz)
Response functions:
(  1.9089e+00,  8.6710e-01), (  1.2586e+00,  2.1218e+00)
( -3.3629e+00, -3.1386e+00), ( -3.4598e-01, -2.1089e-01)
(  5.6888e-01, -6.3219e-03), ( -3.7095e-02, -2.1458e-02)
( -7.1813e-02, -2.4754e-03), (  4.2171e-01,  1.4389e-02)
Scale: 0.040484
Variances without scale:  7.8045e+00,   9.7431e+00,   1.2767e-01,   1.0301e-01
--------------------------------------------------------------------------------
Estimate errors by fixed-weights bootstrap
--------------------------------------------------------------------------------
================================================================================
Now Frequency(Hz): 0.09375, Period(s): 10.6667
================================================================================
Number of initial candidates: 100
Number of candidates: 100
--------------------------------------------------------------------------------
Improve all candidates
Parameter b: 3.01906, Parameter c: 6.02377
--------------------------------------------------------------------------------
Perform further improvements to the best 10 candidates
--------------------------------------------------------------------------------
Best estimator of frequency 0.09375(Hz)
Response functions:
(  1.1271e+00,  4.2190e-01), (  1.0272e+00,  1.8141e+00)
( -2.5019e+00, -2.2613e+00), ( -2.4079e-01, -2.8914e-01)
(  3.6969e-01, -1.5343e-02), ( -3.1150e-02, -1.5941e-02)
( -4.9954e-02,  9.0873e-03), (  2.6583e-01,  1.2191e-02)
Scale: 0.0544202
Variances without scale:  8.0641e+00,   1.0034e+01,   1.2053e-01,   1.0254e-01
--------------------------------------------------------------------------------
Estimate errors by fixed-weights bootstrap
--------------------------------------------------------------------------------
================================================================================
Now Frequency(Hz): 0.125, Period(s): 8
================================================================================
Number of initial candidates: 100
Number of candidates: 100
--------------------------------------------------------------------------------
Improve all candidates
Parameter b: 3.01906, Parameter c: 6.02377
--------------------------------------------------------------------------------
Perform further improvements to the best 10 candidates
--------------------------------------------------------------------------------
Best estimator of frequency 0.125(Hz)
Response functions:
(  9.4604e-01,  2.6974e-01), (  8.9287e-01,  1.4459e+00)
( -1.9696e+00, -1.6107e+00), ( -3.9096e-02, -2.5826e-01)
(  2.3830e-01, -7.8712e-03), ( -1.3724e-02,  1.0671e-02)
( -1.6264e-02,  7.2269e-03), (  1.7681e-01, -1.6813e-03)
Scale: 0.0525585
Variances without scale:  8.5261e+00,   9.9958e+00,   1.1054e-01,   1.0614e-01
--------------------------------------------------------------------------------
Estimate errors by fixed-weights bootstrap
--------------------------------------------------------------------------------
================================================================================
Now Frequency(Hz): 0.1875, Period(s): 5.33333
================================================================================
Number of initial candidates: 100
Number of candidates: 100
--------------------------------------------------------------------------------
Improve all candidates
Parameter b: 3.01817, Parameter c: 6.02062
--------------------------------------------------------------------------------
Perform further improvements to the best 10 candidates
--------------------------------------------------------------------------------
Best estimator of frequency 0.1875(Hz)
Response functions:
(  4.3410e-01,  6.7549e-02), (  5.4724e-01,  9.4559e-01)
( -1.1563e+00, -1.0900e+00), ( -3.7078e-02, -2.1532e-01)
(  1.2332e-01, -8.3744e-03), (  1.7498e-03,  1.2219e-02)
( -1.2381e-02, -6.4532e-04), (  9.2890e-02,  2.7434e-04)
Scale: 0.0672923
Variances without scale:  9.1234e+00,   1.0851e+01,   1.0381e-01,   9.7309e-02
--------------------------------------------------------------------------------
Estimate errors by fixed-weights bootstrap
--------------------------------------------------------------------------------
================================================================================
Now Frequency(Hz): 0.25, Period(s): 4
================================================================================
Number of initial candidates: 100
Number of candidates: 100
--------------------------------------------------------------------------------
Improve all candidates
Parameter b: 3.01817, Parameter c: 6.02062
--------------------------------------------------------------------------------
Perform further improvements to the best 10 candidates
--------------------------------------------------------------------------------
Best estimator of frequency 0.25(Hz)
Response functions:
(  2.8067e-01,  4.7910e-02), (  3.4526e-01,  8.0892e-01)
( -8.9703e-01, -8.5695e-01), ( -4.7232e-02, -1.3675e-01)
(  8.3618e-02,  2.3443e-03), (  6.4131e-04,  3.7543e-03)
( -2.1584e-02, -6.6856e-03), (  5.4810e-02,  3.1364e-03)
Scale: 0.0648844
Variances without scale:  9.4158e+00,   1.0630e+01,   1.0198e-01,   9.7968e-02
--------------------------------------------------------------------------------
Estimate errors by fixed-weights bootstrap
--------------------------------------------------------------------------------
================================================================================
Now Frequency(Hz): 0.375, Period(s): 2.66667
================================================================================
Number of initial candidates: 100
Number of candidates: 100
--------------------------------------------------------------------------------
Improve all candidates
Parameter b: 3.01772, Parameter c: 6.01905
--------------------------------------------------------------------------------
Perform further improvements to the best 10 candidates
--------------------------------------------------------------------------------
Best estimator of frequency 0.375(Hz)
Response functions:
(  1.6209e-01,  3.1583e-02), (  3.0457e-01,  5.0917e-01)
( -4.5365e-01, -5.4813e-01), ( -8.6865e-02, -5.1080e-02)
(  4.0225e-02,  8.6906e-04), (  2.2718e-03, -7.3264e-03)
( -1.0918e-04,  5.0994e-03), (  2.5392e-02,  1.0016e-02)
Scale: 0.0839111
Variances without scale:  1.0429e+01,   1.1556e+01,   9.1818e-02,   9.0365e-02
--------------------------------------------------------------------------------
Estimate errors by fixed-weights bootstrap
--------------------------------------------------------------------------------
================================================================================
Now Frequency(Hz): 0.5, Period(s): 2
================================================================================
Number of initial candidates: 100
Number of candidates: 100
--------------------------------------------------------------------------------
Improve all candidates
Parameter b: 3.01772, Parameter c: 6.01905
--------------------------------------------------------------------------------
Perform further improvements to the best 10 candidates
--------------------------------------------------------------------------------
Best estimator of frequency 0.5(Hz)
Response functions:
(  1.6122e-01,  6.7849e-02), (  2.1205e-01,  3.5632e-01)
( -2.6198e-01, -3.7850e-01), ( -1.0228e-01, -7.3306e-02)
(  2.4245e-02, -8.7895e-04), ( -2.8910e-03, -5.6836e-03)
( -6.2527e-04,  3.3877e-03), (  1.4108e-02,  1.0416e-02)
Scale: 0.0815581
Variances without scale:  1.0730e+01,   1.1458e+01,   9.1147e-02,   8.9234e-02
--------------------------------------------------------------------------------
Estimate errors by fixed-weights bootstrap
--------------------------------------------------------------------------------
================================================================================
Now Frequency(Hz): 0.75, Period(s): 1.33333
================================================================================
Number of initial candidates: 100
Number of candidates: 100
--------------------------------------------------------------------------------
Improve all candidates
Parameter b: 3.0175, Parameter c: 6.01826
--------------------------------------------------------------------------------
Perform further improvements to the best 10 candidates
--------------------------------------------------------------------------------
Best estimator of frequency 0.75(Hz)
Response functions:
(  3.9123e-02,  3.0909e-02), (  1.5993e-01,  2.4989e-01)
( -1.9133e-01, -2.0539e-01), ( -6.3747e-03, -9.0465e-03)
(  1.4151e-02,  1.3988e-03), ( -5.0800e-03, -2.1033e-03)
(  7.2194e-03, -8.5112e-04), (  8.3702e-03,  2.8587e-03)
Scale: 0.107951
Variances without scale:  1.1364e+01,   1.1897e+01,   8.6769e-02,   8.5245e-02
--------------------------------------------------------------------------------
Estimate errors by fixed-weights bootstrap
--------------------------------------------------------------------------------
================================================================================
Now Frequency(Hz): 1, Period(s): 1
================================================================================
Number of initial candidates: 100
Number of candidates: 100
--------------------------------------------------------------------------------
Improve all candidates
Parameter b: 3.0175, Parameter c: 6.01826
--------------------------------------------------------------------------------
Perform further improvements to the best 10 candidates
--------------------------------------------------------------------------------
Best estimator of frequency 1(Hz)
Response functions:
(  3.7134e-03,  2.0582e-02), (  9.6865e-02,  1.4745e-01)
( -1.1599e-01, -1.1948e-01), (  1.8770e-03,  3.0143e-02)
(  9.8244e-03,  2.3249e-03), ( -6.5189e-03,  3.0495e-03)
(  2.7493e-03, -2.8027e-03), ( -2.3853e-03,  1.3994e-03)
Scale: 0.105429
Variances without scale:  1.1295e+01,   1.1846e+01,   8.7091e-02,   8.5815e-02
--------------------------------------------------------------------------------
Estimate errors by fixed-weights bootstrap
--------------------------------------------------------------------------------
